<?xml version="1.0" encoding="utf-8"?><testsuites><testsuite name="pytest" errors="0" failures="0" skipped="0" tests="0" time="0.092" timestamp="2022-04-06T12:15:15.612418" hostname="dev" /></testsuites>