<?xml version="1.0" encoding="utf-8"?><testsuites><testsuite name="pytest" errors="0" failures="0" skipped="0" tests="1" time="0.325" timestamp="2022-04-06T12:17:09.044301" hostname="dev"><testcase classname="tests.test_special_api.TestViews" name="test_get_name" time="0.009" /></testsuite></testsuites>